[09-May-2017 23:33:33 UTC] PHP Parse error:  syntax error, unexpected '<<' (T_SL), expecting end of file in /srv/www/toomby/htdocs/wp-content/themes/toomby/functions.php on line 5
[09-May-2017 23:34:26 UTC] PHP Parse error:  syntax error, unexpected '===' (T_IS_IDENTICAL), expecting end of file in /srv/www/toomby/htdocs/wp-content/themes/toomby/functions.php on line 18
[09-May-2017 23:34:29 UTC] PHP Parse error:  syntax error, unexpected '===' (T_IS_IDENTICAL), expecting end of file in /srv/www/toomby/htdocs/wp-content/themes/toomby/functions.php on line 18
[09-May-2017 23:35:41 UTC] PHP Parse error:  syntax error, unexpected '===' (T_IS_IDENTICAL), expecting end of file in /srv/www/toomby/htdocs/wp-content/themes/toomby/functions.php on line 18
[09-May-2017 23:35:50 UTC] PHP Parse error:  syntax error, unexpected '===' (T_IS_IDENTICAL), expecting end of file in /srv/www/toomby/htdocs/wp-content/themes/toomby/functions.php on line 18
[09-May-2017 23:35:59 UTC] PHP Fatal error:  Cannot redeclare my_acf_settings_dir() (previously declared in /srv/www/toomby/htdocs/wp-content/themes/toomby/functions.php:4) in /srv/www/toomby/htdocs/wp-content/themes/toomby/wp-extensions.php on line 3
[09-May-2017 23:36:29 UTC] PHP Fatal error:  Cannot redeclare my_acf_settings_dir() (previously declared in /srv/www/toomby/htdocs/wp-content/themes/toomby/functions.php:4) in /srv/www/toomby/htdocs/wp-content/themes/toomby/wp-extensions.php on line 3
[09-May-2017 23:36:41 UTC] PHP Fatal error:  Cannot redeclare my_acf_settings_dir() (previously declared in /srv/www/toomby/htdocs/wp-content/themes/toomby/functions.php:4) in /srv/www/toomby/htdocs/wp-content/themes/toomby/wp-extensions.php on line 3
[09-May-2017 23:37:15 UTC] PHP Fatal error:  Cannot redeclare my_acf_settings_dir() (previously declared in /srv/www/toomby/htdocs/wp-content/themes/toomby/functions.php:4) in /srv/www/toomby/htdocs/wp-content/themes/toomby/wp-extensions.php on line 3
[09-May-2017 23:37:37 UTC] PHP Fatal error:  Cannot redeclare my_acf_settings_dir() (previously declared in /srv/www/toomby/htdocs/wp-content/themes/toomby/functions.php:4) in /srv/www/toomby/htdocs/wp-content/themes/toomby/wp-extensions.php on line 3
[09-May-2017 23:37:39 UTC] PHP Fatal error:  Cannot redeclare my_acf_settings_dir() (previously declared in /srv/www/toomby/htdocs/wp-content/themes/toomby/functions.php:4) in /srv/www/toomby/htdocs/wp-content/themes/toomby/wp-extensions.php on line 3
[09-May-2017 23:37:46 UTC] PHP Fatal error:  Cannot redeclare my_acf_settings_dir() (previously declared in /srv/www/toomby/htdocs/wp-content/themes/toomby/functions.php:4) in /srv/www/toomby/htdocs/wp-content/themes/toomby/wp-extensions.php on line 3
[09-May-2017 23:37:58 UTC] PHP Fatal error:  Cannot redeclare my_acf_settings_dir() (previously declared in /srv/www/toomby/htdocs/wp-content/themes/toomby/functions.php:4) in /srv/www/toomby/htdocs/wp-content/themes/toomby/wp-extensions.php on line 3
[09-May-2017 23:38:24 UTC] PHP Fatal error:  Cannot redeclare my_acf_settings_dir() (previously declared in /srv/www/toomby/htdocs/wp-content/themes/toomby/functions.php:4) in /srv/www/toomby/htdocs/wp-content/themes/toomby/wp-extensions.php on line 3
[09-May-2017 23:38:47 UTC] PHP Fatal error:  Cannot redeclare my_acf_settings_dir() (previously declared in /srv/www/toomby/htdocs/wp-content/themes/toomby/functions.php:4) in /srv/www/toomby/htdocs/wp-content/themes/toomby/wp-extensions.php on line 3
[09-May-2017 23:38:48 UTC] PHP Fatal error:  Cannot redeclare my_acf_settings_dir() (previously declared in /srv/www/toomby/htdocs/wp-content/themes/toomby/functions.php:4) in /srv/www/toomby/htdocs/wp-content/themes/toomby/wp-extensions.php on line 3
[09-May-2017 23:38:57 UTC] PHP Fatal error:  Cannot redeclare my_acf_settings_dir() (previously declared in /srv/www/toomby/htdocs/wp-content/themes/toomby/functions.php:4) in /srv/www/toomby/htdocs/wp-content/themes/toomby/wp-extensions.php on line 3
[09-May-2017 23:40:05 UTC] PHP Fatal error:  Cannot redeclare my_acf_settings_dir() (previously declared in /srv/www/toomby/htdocs/wp-content/themes/toomby/functions.php:4) in /srv/www/toomby/htdocs/wp-content/themes/toomby/wp-extensions.php on line 3
[10-May-2017 06:18:35 UTC] PHP Notice:  Undefined index: footer_right_menu in /srv/www/toomby/htdocs/wp-content/themes/toomby/functions.php on line 59
[10-May-2017 06:18:35 UTC] PHP Notice:  Undefined index: footer_middle_menu in /srv/www/toomby/htdocs/wp-content/themes/toomby/functions.php on line 59
[10-May-2017 06:18:35 UTC] PHP Notice:  Undefined index: footer_left_menu in /srv/www/toomby/htdocs/wp-content/themes/toomby/functions.php on line 59
